[2025-11-09T17:11:50.314+0000] {local_task_job_runner.py:123} INFO - ::group::Pre task execution logs
[2025-11-09T17:11:50.366+0000] {taskinstance.py:2603} INFO - Dependencies all met for dep_context=non-requeueable deps ti=<TaskInstance: app_script_dag.run_app_script scheduled__2025-11-09T16:00:00+00:00 [queued]>
[2025-11-09T17:11:50.390+0000] {taskinstance.py:2603} INFO - Dependencies all met for dep_context=requeueable deps ti=<TaskInstance: app_script_dag.run_app_script scheduled__2025-11-09T16:00:00+00:00 [queued]>
[2025-11-09T17:11:50.391+0000] {taskinstance.py:2856} INFO - Starting attempt 2 of 2
[2025-11-09T17:11:50.433+0000] {taskinstance.py:2879} INFO - Executing <Task(BashOperator): run_app_script> on 2025-11-09 16:00:00+00:00
[2025-11-09T17:11:50.464+0000] {standard_task_runner.py:104} INFO - Running: ['***', 'tasks', 'run', 'app_script_dag', 'run_app_script', 'scheduled__2025-11-09T16:00:00+00:00', '--job-id', '72', '--raw', '--subdir', 'DAGS_FOLDER/app_dag.py', '--cfg-path', '/tmp/tmphkxxjbbg']
[2025-11-09T17:11:50.473+0000] {standard_task_runner.py:105} INFO - Job 72: Subtask run_app_script
[2025-11-09T17:11:50.455+0000] {warnings.py:112} WARNING - /home/***/.local/lib/python3.12/site-packages/***/task/task_runner/standard_task_runner.py:70: DeprecationWarning: This process (pid=72) is multi-threaded, use of fork() may lead to deadlocks in the child.
  pid = os.fork()

[2025-11-09T17:11:50.475+0000] {standard_task_runner.py:72} INFO - Started process 74 to run task
[2025-11-09T17:11:50.822+0000] {task_command.py:467} INFO - Running <TaskInstance: app_script_dag.run_app_script scheduled__2025-11-09T16:00:00+00:00 [running]> on host 57ca6cb26c35
[2025-11-09T17:11:51.126+0000] {taskinstance.py:3122} INFO - Exporting env vars: AIRFLOW_CTX_DAG_OWNER='***' AIRFLOW_CTX_DAG_ID='app_script_dag' AIRFLOW_CTX_TASK_ID='run_app_script' AIRFLOW_CTX_EXECUTION_DATE='2025-11-09T16:00:00+00:00' AIRFLOW_CTX_TRY_NUMBER='2' AIRFLOW_CTX_DAG_RUN_ID='scheduled__2025-11-09T16:00:00+00:00'
[2025-11-09T17:11:51.139+0000] {logging_mixin.py:190} INFO - Task instance is in running state
[2025-11-09T17:11:51.141+0000] {logging_mixin.py:190} INFO -  Previous state of the Task instance: queued
[2025-11-09T17:11:51.151+0000] {logging_mixin.py:190} INFO - Current task name:run_app_script state:running start_date:2025-11-09 17:11:50.368795+00:00
[2025-11-09T17:11:51.173+0000] {logging_mixin.py:190} INFO - Dag name:app_script_dag and current dag run status:running
[2025-11-09T17:11:51.181+0000] {taskinstance.py:731} INFO - ::endgroup::
[2025-11-09T17:11:51.184+0000] {subprocess.py:63} INFO - Tmp dir root location: /tmp
[2025-11-09T17:11:51.187+0000] {subprocess.py:75} INFO - Running command: ['/usr/bin/bash', '-c', 'python3 /opt/***/src/app.py']
[2025-11-09T17:11:51.264+0000] {subprocess.py:86} INFO - Output:
[2025-11-09T17:12:28.884+0000] {subprocess.py:93} INFO - 
[2025-11-09T17:12:28.886+0000] {subprocess.py:93} INFO - === Traitement catégorie : feed_trending ===
[2025-11-09T17:12:28.887+0000] {subprocess.py:93} INFO - Traceback (most recent call last):
[2025-11-09T17:12:28.888+0000] {subprocess.py:93} INFO -   File "/opt/***/src/app.py", line 1, in <module>
[2025-11-09T17:12:28.890+0000] {subprocess.py:93} INFO -     import getItems
[2025-11-09T17:12:28.891+0000] {subprocess.py:93} INFO -   File "/opt/***/src/getItems.py", line 105, in <module>
[2025-11-09T17:12:28.898+0000] {subprocess.py:93} INFO -     get_search_post(q, limit=50)
[2025-11-09T17:12:28.900+0000] {subprocess.py:93} INFO -   File "/opt/***/src/getItems.py", line 99, in get_search_post
[2025-11-09T17:12:28.912+0000] {subprocess.py:93} INFO -     fetch_and_store_items('app.bsky.feed.searchPosts', params, f"search_{query.replace(' ', '_')}")
[2025-11-09T17:12:28.914+0000] {subprocess.py:93} INFO -   File "/opt/***/src/getItems.py", line 67, in fetch_and_store_items
[2025-11-09T17:12:28.918+0000] {subprocess.py:93} INFO -     existing = functions.COLLECTION.find_one({"post_id": uri})
[2025-11-09T17:12:28.920+0000] {subprocess.py:93} INFO -                ^^^^^^^^^^^^^^^^^^^^^^^^^^^^^^^^^^^^^^^^^^^^^^^
[2025-11-09T17:12:28.926+0000] {subprocess.py:93} INFO -   File "/home/***/.local/lib/python3.12/site-packages/pymongo/synchronous/collection.py", line 1755, in find_one
[2025-11-09T17:12:28.927+0000] {subprocess.py:93} INFO -     for result in cursor.limit(-1):
[2025-11-09T17:12:28.928+0000] {subprocess.py:93} INFO -                   ^^^^^^^^^^^^^^^^
[2025-11-09T17:12:28.929+0000] {subprocess.py:93} INFO -   File "/home/***/.local/lib/python3.12/site-packages/pymongo/synchronous/cursor.py", line 1289, in __next__
[2025-11-09T17:12:28.930+0000] {subprocess.py:93} INFO -     return self.next()
[2025-11-09T17:12:28.934+0000] {subprocess.py:93} INFO -            ^^^^^^^^^^^
[2025-11-09T17:12:28.935+0000] {subprocess.py:93} INFO -   File "/home/***/.local/lib/python3.12/site-packages/pymongo/synchronous/cursor.py", line 1265, in next
[2025-11-09T17:12:28.936+0000] {subprocess.py:93} INFO -     if len(self._data) or self._refresh():
[2025-11-09T17:12:28.941+0000] {subprocess.py:93} INFO -                           ^^^^^^^^^^^^^^^
[2025-11-09T17:12:28.942+0000] {subprocess.py:93} INFO -   File "/home/***/.local/lib/python3.12/site-packages/pymongo/synchronous/cursor.py", line 1213, in _refresh
[2025-11-09T17:12:28.943+0000] {subprocess.py:93} INFO -     self._send_message(q)
[2025-11-09T17:12:28.944+0000] {subprocess.py:93} INFO -   File "/home/***/.local/lib/python3.12/site-packages/pymongo/synchronous/cursor.py", line 1108, in _send_message
[2025-11-09T17:12:28.945+0000] {subprocess.py:93} INFO -     response = client._run_operation(
[2025-11-09T17:12:28.945+0000] {subprocess.py:93} INFO -                ^^^^^^^^^^^^^^^^^^^^^^
[2025-11-09T17:12:28.946+0000] {subprocess.py:93} INFO -   File "/home/***/.local/lib/python3.12/site-packages/pymongo/_csot.py", line 125, in csot_wrapper
[2025-11-09T17:12:28.950+0000] {subprocess.py:93} INFO -     return func(self, *args, **kwargs)
[2025-11-09T17:12:28.951+0000] {subprocess.py:93} INFO -            ^^^^^^^^^^^^^^^^^^^^^^^^^^^
[2025-11-09T17:12:28.952+0000] {subprocess.py:93} INFO -   File "/home/***/.local/lib/python3.12/site-packages/pymongo/synchronous/mongo_client.py", line 1938, in _run_operation
[2025-11-09T17:12:28.955+0000] {subprocess.py:93} INFO -     return self._retryable_read(
[2025-11-09T17:12:28.958+0000] {subprocess.py:93} INFO -            ^^^^^^^^^^^^^^^^^^^^^
[2025-11-09T17:12:28.961+0000] {subprocess.py:93} INFO -   File "/home/***/.local/lib/python3.12/site-packages/pymongo/synchronous/mongo_client.py", line 2047, in _retryable_read
[2025-11-09T17:12:28.966+0000] {subprocess.py:93} INFO -     return self._retry_internal(
[2025-11-09T17:12:28.967+0000] {subprocess.py:93} INFO -            ^^^^^^^^^^^^^^^^^^^^^
[2025-11-09T17:12:28.969+0000] {subprocess.py:93} INFO -   File "/home/***/.local/lib/python3.12/site-packages/pymongo/_csot.py", line 125, in csot_wrapper
[2025-11-09T17:12:28.974+0000] {subprocess.py:93} INFO -     return func(self, *args, **kwargs)
[2025-11-09T17:12:28.975+0000] {subprocess.py:93} INFO -            ^^^^^^^^^^^^^^^^^^^^^^^^^^^
[2025-11-09T17:12:28.976+0000] {subprocess.py:93} INFO -   File "/home/***/.local/lib/python3.12/site-packages/pymongo/synchronous/mongo_client.py", line 2014, in _retry_internal
[2025-11-09T17:12:28.977+0000] {subprocess.py:93} INFO -     ).run()
[2025-11-09T17:12:28.982+0000] {subprocess.py:93} INFO -       ^^^^^
[2025-11-09T17:12:28.983+0000] {subprocess.py:93} INFO -   File "/home/***/.local/lib/python3.12/site-packages/pymongo/synchronous/mongo_client.py", line 2765, in run
[2025-11-09T17:12:28.983+0000] {subprocess.py:93} INFO -     return self._read() if self._is_read else self._write()
[2025-11-09T17:12:28.984+0000] {subprocess.py:93} INFO -            ^^^^^^^^^^^^
[2025-11-09T17:12:28.985+0000] {subprocess.py:93} INFO -   File "/home/***/.local/lib/python3.12/site-packages/pymongo/synchronous/mongo_client.py", line 2910, in _read
[2025-11-09T17:12:28.990+0000] {subprocess.py:93} INFO -     self._server = self._get_server()
[2025-11-09T17:12:28.991+0000] {subprocess.py:93} INFO -                    ^^^^^^^^^^^^^^^^^^
[2025-11-09T17:12:28.991+0000] {subprocess.py:93} INFO -   File "/home/***/.local/lib/python3.12/site-packages/pymongo/synchronous/mongo_client.py", line 2858, in _get_server
[2025-11-09T17:12:28.992+0000] {subprocess.py:93} INFO -     return self._client._select_server(
[2025-11-09T17:12:28.993+0000] {subprocess.py:93} INFO -            ^^^^^^^^^^^^^^^^^^^^^^^^^^^^
[2025-11-09T17:12:29.001+0000] {subprocess.py:93} INFO -   File "/home/***/.local/lib/python3.12/site-packages/pymongo/synchronous/mongo_client.py", line 1833, in _select_server
[2025-11-09T17:12:29.026+0000] {subprocess.py:93} INFO -     server = topology.select_server(
[2025-11-09T17:12:29.030+0000] {subprocess.py:93} INFO -              ^^^^^^^^^^^^^^^^^^^^^^^
[2025-11-09T17:12:29.034+0000] {subprocess.py:93} INFO -   File "/home/***/.local/lib/python3.12/site-packages/pymongo/synchronous/topology.py", line 409, in select_server
[2025-11-09T17:12:29.035+0000] {subprocess.py:93} INFO -     server = self._select_server(
[2025-11-09T17:12:29.036+0000] {subprocess.py:93} INFO -              ^^^^^^^^^^^^^^^^^^^^
[2025-11-09T17:12:29.037+0000] {subprocess.py:93} INFO -   File "/home/***/.local/lib/python3.12/site-packages/pymongo/synchronous/topology.py", line 387, in _select_server
[2025-11-09T17:12:29.039+0000] {subprocess.py:93} INFO -     servers = self.select_servers(
[2025-11-09T17:12:29.040+0000] {subprocess.py:93} INFO -               ^^^^^^^^^^^^^^^^^^^^
[2025-11-09T17:12:29.041+0000] {subprocess.py:93} INFO -   File "/home/***/.local/lib/python3.12/site-packages/pymongo/synchronous/topology.py", line 294, in select_servers
[2025-11-09T17:12:29.042+0000] {subprocess.py:93} INFO -     server_descriptions = self._select_servers_loop(
[2025-11-09T17:12:29.046+0000] {subprocess.py:93} INFO -                           ^^^^^^^^^^^^^^^^^^^^^^^^^^
[2025-11-09T17:12:29.047+0000] {subprocess.py:93} INFO -   File "/home/***/.local/lib/python3.12/site-packages/pymongo/synchronous/topology.py", line 344, in _select_servers_loop
[2025-11-09T17:12:29.050+0000] {subprocess.py:93} INFO -     raise ServerSelectionTimeoutError(
[2025-11-09T17:12:29.051+0000] {subprocess.py:93} INFO - pymongo.errors.ServerSelectionTimeoutError: localhost:27017: [Errno 111] Connection refused (configured timeouts: socketTimeoutMS: 20000.0ms, connectTimeoutMS: 20000.0ms), Timeout: 30s, Topology Description: <TopologyDescription id: 6910cb5d4b44e0bce708f9d0, topology_type: Unknown, servers: [<ServerDescription ('localhost', 27017) server_type: Unknown, rtt: None, error=AutoReconnect('localhost:27017: [Errno 111] Connection refused (configured timeouts: socketTimeoutMS: 20000.0ms, connectTimeoutMS: 20000.0ms)')>]>
[2025-11-09T17:12:30.230+0000] {subprocess.py:97} INFO - Command exited with return code 1
[2025-11-09T17:12:30.290+0000] {taskinstance.py:3301} ERROR - Task failed with exception
Traceback (most recent call last):
  File "/home/airflow/.local/lib/python3.12/site-packages/airflow/models/taskinstance.py", line 767, in _execute_task
    result = _execute_callable(context=context, **execute_callable_kwargs)
             ^^^^^^^^^^^^^^^^^^^^^^^^^^^^^^^^^^^^^^^^^^^^^^^^^^^^^^^^^^^^^
  File "/home/airflow/.local/lib/python3.12/site-packages/airflow/models/taskinstance.py", line 733, in _execute_callable
    return ExecutionCallableRunner(
           ^^^^^^^^^^^^^^^^^^^^^^^^
  File "/home/airflow/.local/lib/python3.12/site-packages/airflow/utils/operator_helpers.py", line 252, in run
    return self.func(*args, **kwargs)
           ^^^^^^^^^^^^^^^^^^^^^^^^^^
  File "/home/airflow/.local/lib/python3.12/site-packages/airflow/models/baseoperator.py", line 406, in wrapper
    return func(self, *args, **kwargs)
           ^^^^^^^^^^^^^^^^^^^^^^^^^^^
  File "/home/airflow/.local/lib/python3.12/site-packages/airflow/operators/bash.py", line 249, in execute
    raise AirflowException(
airflow.exceptions.AirflowException: Bash command failed. The command returned a non-zero exit code 1.
[2025-11-09T17:12:30.320+0000] {logging_mixin.py:190} INFO - Task instance in failure state
[2025-11-09T17:12:30.327+0000] {logging_mixin.py:190} INFO - Task start:2025-11-09 17:11:50.368795+00:00 end:2025-11-09 17:12:30.311442+00:00 duration:39.942647
[2025-11-09T17:12:30.335+0000] {logging_mixin.py:190} INFO - Task:<Task(BashOperator): run_app_script> dag:<DAG: app_script_dag> dagrun:<DagRun app_script_dag @ 2025-11-09 16:00:00+00:00: scheduled__2025-11-09T16:00:00+00:00, state:running, queued_at: 2025-11-09 17:00:00.133796+00:00. externally triggered: False>
[2025-11-09T17:12:30.339+0000] {logging_mixin.py:190} INFO - Failure caused by Bash command failed. The command returned a non-zero exit code 1.
[2025-11-09T17:12:30.340+0000] {taskinstance.py:1225} INFO - Marking task as FAILED. dag_id=app_script_dag, task_id=run_app_script, run_id=scheduled__2025-11-09T16:00:00+00:00, execution_date=20251109T160000, start_date=20251109T171150, end_date=20251109T171230
[2025-11-09T17:12:30.403+0000] {taskinstance.py:340} INFO - ::group::Post task execution logs
[2025-11-09T17:12:30.405+0000] {standard_task_runner.py:124} ERROR - Failed to execute job 72 for task run_app_script (Bash command failed. The command returned a non-zero exit code 1.; 74)
Traceback (most recent call last):
  File "/home/airflow/.local/lib/python3.12/site-packages/airflow/task/task_runner/standard_task_runner.py", line 117, in _start_by_fork
    ret = args.func(args, dag=self.dag)
          ^^^^^^^^^^^^^^^^^^^^^^^^^^^^^
  File "/home/airflow/.local/lib/python3.12/site-packages/airflow/cli/cli_config.py", line 49, in command
    return func(*args, **kwargs)
           ^^^^^^^^^^^^^^^^^^^^^
  File "/home/airflow/.local/lib/python3.12/site-packages/airflow/utils/cli.py", line 115, in wrapper
    return f(*args, **kwargs)
           ^^^^^^^^^^^^^^^^^^
  File "/home/airflow/.local/lib/python3.12/site-packages/airflow/cli/commands/task_command.py", line 483, in task_run
    task_return_code = _run_task_by_selected_method(args, _dag, ti)
                       ^^^^^^^^^^^^^^^^^^^^^^^^^^^^^^^^^^^^^^^^^^^^
  File "/home/airflow/.local/lib/python3.12/site-packages/airflow/cli/commands/task_command.py", line 256, in _run_task_by_selected_method
    return _run_raw_task(args, ti)
           ^^^^^^^^^^^^^^^^^^^^^^^
  File "/home/airflow/.local/lib/python3.12/site-packages/airflow/cli/commands/task_command.py", line 341, in _run_raw_task
    return ti._run_raw_task(
           ^^^^^^^^^^^^^^^^^
  File "/home/airflow/.local/lib/python3.12/site-packages/airflow/utils/session.py", line 97, in wrapper
    return func(*args, session=session, **kwargs)
           ^^^^^^^^^^^^^^^^^^^^^^^^^^^^^^^^^^^^^^
  File "/home/airflow/.local/lib/python3.12/site-packages/airflow/models/taskinstance.py", line 2995, in _run_raw_task
    return _run_raw_task(
           ^^^^^^^^^^^^^^
  File "/home/airflow/.local/lib/python3.12/site-packages/airflow/models/taskinstance.py", line 273, in _run_raw_task
    TaskInstance._execute_task_with_callbacks(
  File "/home/airflow/.local/lib/python3.12/site-packages/airflow/models/taskinstance.py", line 3149, in _execute_task_with_callbacks
    result = self._execute_task(context, task_orig)
             ^^^^^^^^^^^^^^^^^^^^^^^^^^^^^^^^^^^^^^
  File "/home/airflow/.local/lib/python3.12/site-packages/airflow/models/taskinstance.py", line 3173, in _execute_task
    return _execute_task(self, context, task_orig)
           ^^^^^^^^^^^^^^^^^^^^^^^^^^^^^^^^^^^^^^^
  File "/home/airflow/.local/lib/python3.12/site-packages/airflow/models/taskinstance.py", line 767, in _execute_task
    result = _execute_callable(context=context, **execute_callable_kwargs)
             ^^^^^^^^^^^^^^^^^^^^^^^^^^^^^^^^^^^^^^^^^^^^^^^^^^^^^^^^^^^^^
  File "/home/airflow/.local/lib/python3.12/site-packages/airflow/models/taskinstance.py", line 733, in _execute_callable
    return ExecutionCallableRunner(
           ^^^^^^^^^^^^^^^^^^^^^^^^
  File "/home/airflow/.local/lib/python3.12/site-packages/airflow/utils/operator_helpers.py", line 252, in run
    return self.func(*args, **kwargs)
           ^^^^^^^^^^^^^^^^^^^^^^^^^^
  File "/home/airflow/.local/lib/python3.12/site-packages/airflow/models/baseoperator.py", line 406, in wrapper
    return func(self, *args, **kwargs)
           ^^^^^^^^^^^^^^^^^^^^^^^^^^^
  File "/home/airflow/.local/lib/python3.12/site-packages/airflow/operators/bash.py", line 249, in execute
    raise AirflowException(
airflow.exceptions.AirflowException: Bash command failed. The command returned a non-zero exit code 1.
[2025-11-09T17:12:30.484+0000] {local_task_job_runner.py:261} INFO - Task exited with return code 1
[2025-11-09T17:12:30.502+0000] {standard_task_runner.py:217} INFO - Process not found (most likely exited), stop collecting metrics
[2025-11-09T17:12:30.534+0000] {taskinstance.py:3891} INFO - 0 downstream tasks scheduled from follow-on schedule check
[2025-11-09T17:12:30.541+0000] {local_task_job_runner.py:240} INFO - ::endgroup::
