[2025-11-09T20:20:57.225+0000] {local_task_job_runner.py:123} INFO - ::group::Pre task execution logs
[2025-11-09T20:20:57.248+0000] {taskinstance.py:2603} INFO - Dependencies all met for dep_context=non-requeueable deps ti=<TaskInstance: app_script_dag.run_app_script manual__2025-11-09T20:20:49.743889+00:00 [queued]>
[2025-11-09T20:20:57.257+0000] {taskinstance.py:2603} INFO - Dependencies all met for dep_context=requeueable deps ti=<TaskInstance: app_script_dag.run_app_script manual__2025-11-09T20:20:49.743889+00:00 [queued]>
[2025-11-09T20:20:57.259+0000] {taskinstance.py:2856} INFO - Starting attempt 1 of 2
[2025-11-09T20:20:57.276+0000] {taskinstance.py:2879} INFO - Executing <Task(BashOperator): run_app_script> on 2025-11-09 20:20:49.743889+00:00
[2025-11-09T20:20:57.284+0000] {warnings.py:112} WARNING - /home/***/.local/lib/python3.12/site-packages/***/task/task_runner/standard_task_runner.py:70: DeprecationWarning: This process (pid=2113) is multi-threaded, use of fork() may lead to deadlocks in the child.
  pid = os.fork()

[2025-11-09T20:20:57.286+0000] {standard_task_runner.py:72} INFO - Started process 2115 to run task
[2025-11-09T20:20:57.286+0000] {standard_task_runner.py:104} INFO - Running: ['***', 'tasks', 'run', 'app_script_dag', 'run_app_script', 'manual__2025-11-09T20:20:49.743889+00:00', '--job-id', '85', '--raw', '--subdir', 'DAGS_FOLDER/app_dag.py', '--cfg-path', '/tmp/tmpo0yw5epf']
[2025-11-09T20:20:57.289+0000] {standard_task_runner.py:105} INFO - Job 85: Subtask run_app_script
[2025-11-09T20:20:57.508+0000] {task_command.py:467} INFO - Running <TaskInstance: app_script_dag.run_app_script manual__2025-11-09T20:20:49.743889+00:00 [running]> on host 66886aa8ec0d
[2025-11-09T20:20:57.621+0000] {taskinstance.py:3122} INFO - Exporting env vars: AIRFLOW_CTX_DAG_OWNER='***' AIRFLOW_CTX_DAG_ID='app_script_dag' AIRFLOW_CTX_TASK_ID='run_app_script' AIRFLOW_CTX_EXECUTION_DATE='2025-11-09T20:20:49.743889+00:00' AIRFLOW_CTX_TRY_NUMBER='1' AIRFLOW_CTX_DAG_RUN_ID='manual__2025-11-09T20:20:49.743889+00:00'
[2025-11-09T20:20:57.624+0000] {logging_mixin.py:190} INFO - Task instance is in running state
[2025-11-09T20:20:57.625+0000] {logging_mixin.py:190} INFO -  Previous state of the Task instance: queued
[2025-11-09T20:20:57.626+0000] {logging_mixin.py:190} INFO - Current task name:run_app_script state:running start_date:2025-11-09 20:20:57.248765+00:00
[2025-11-09T20:20:57.627+0000] {logging_mixin.py:190} INFO - Dag name:app_script_dag and current dag run status:running
[2025-11-09T20:20:57.628+0000] {taskinstance.py:731} INFO - ::endgroup::
[2025-11-09T20:20:57.631+0000] {subprocess.py:63} INFO - Tmp dir root location: /tmp
[2025-11-09T20:20:57.637+0000] {subprocess.py:75} INFO - Running command: ['/usr/bin/bash', '-c', 'python3 /opt/***/src/app.py']
[2025-11-09T20:20:57.673+0000] {subprocess.py:86} INFO - Output:
[2025-11-09T20:21:13.434+0000] {subprocess.py:93} INFO - 
[2025-11-09T20:21:13.436+0000] {subprocess.py:93} INFO - === Traitement catégorie : feed_trending ===
[2025-11-09T20:21:13.439+0000] {subprocess.py:93} INFO - Erreur API (app.bsky.feed.searchPosts) : 400 {"error":"ExpiredToken","message":"Token has expired"}
[2025-11-09T20:21:13.441+0000] {subprocess.py:93} INFO - Fin du flux search_breaking — 0 insérés, 0 mis à jour, 0 lus.
[2025-11-09T20:21:13.443+0000] {subprocess.py:93} INFO - Erreur API (app.bsky.feed.searchPosts) : 400 {"error":"ExpiredToken","message":"Token has expired"}
[2025-11-09T20:21:13.446+0000] {subprocess.py:93} INFO - Fin du flux search_urgent — 0 insérés, 0 mis à jour, 0 lus.
[2025-11-09T20:21:13.448+0000] {subprocess.py:93} INFO - Erreur API (app.bsky.feed.searchPosts) : 400 {"error":"ExpiredToken","message":"Token has expired"}
[2025-11-09T20:21:13.450+0000] {subprocess.py:93} INFO - Fin du flux search_live — 0 insérés, 0 mis à jour, 0 lus.
[2025-11-09T20:21:13.452+0000] {subprocess.py:93} INFO - 
[2025-11-09T20:21:13.454+0000] {subprocess.py:93} INFO - === Traitement catégorie : feed_hot_topics ===
[2025-11-09T20:21:13.456+0000] {subprocess.py:93} INFO - Erreur API (app.bsky.feed.searchPosts) : 400 {"error":"ExpiredToken","message":"Token has expired"}
[2025-11-09T20:21:13.458+0000] {subprocess.py:93} INFO - Fin du flux search_politics — 0 insérés, 0 mis à jour, 0 lus.
[2025-11-09T20:21:13.460+0000] {subprocess.py:93} INFO - Erreur API (app.bsky.feed.searchPosts) : 400 {"error":"ExpiredToken","message":"Token has expired"}
[2025-11-09T20:21:13.462+0000] {subprocess.py:93} INFO - Fin du flux search_election — 0 insérés, 0 mis à jour, 0 lus.
[2025-11-09T20:21:13.464+0000] {subprocess.py:93} INFO - Erreur API (app.bsky.feed.searchPosts) : 400 {"error":"ExpiredToken","message":"Token has expired"}
[2025-11-09T20:21:13.466+0000] {subprocess.py:93} INFO - Fin du flux search_covid — 0 insérés, 0 mis à jour, 0 lus.
[2025-11-09T20:21:13.469+0000] {subprocess.py:93} INFO - Erreur API (app.bsky.feed.searchPosts) : 400 {"error":"ExpiredToken","message":"Token has expired"}
[2025-11-09T20:21:13.472+0000] {subprocess.py:93} INFO - Fin du flux search_crisis — 0 insérés, 0 mis à jour, 0 lus.
[2025-11-09T20:21:13.474+0000] {subprocess.py:93} INFO - 
[2025-11-09T20:21:13.476+0000] {subprocess.py:93} INFO - === Traitement catégorie : feed_discover ===
[2025-11-09T20:21:13.478+0000] {subprocess.py:93} INFO - Erreur API (app.bsky.feed.searchPosts) : 400 {"error":"ExpiredToken","message":"Token has expired"}
[2025-11-09T20:21:13.480+0000] {subprocess.py:93} INFO - Fin du flux search_news — 0 insérés, 0 mis à jour, 0 lus.
[2025-11-09T20:21:13.482+0000] {subprocess.py:93} INFO - Erreur API (app.bsky.feed.searchPosts) : 400 {"error":"ExpiredToken","message":"Token has expired"}
[2025-11-09T20:21:13.484+0000] {subprocess.py:93} INFO - Fin du flux search_world — 0 insérés, 0 mis à jour, 0 lus.
[2025-11-09T20:21:13.486+0000] {subprocess.py:93} INFO - Erreur API (app.bsky.feed.searchPosts) : 400 {"error":"ExpiredToken","message":"Token has expired"}
[2025-11-09T20:21:13.488+0000] {subprocess.py:93} INFO - Fin du flux search_science — 0 insérés, 0 mis à jour, 0 lus.
[2025-11-09T20:21:13.490+0000] {subprocess.py:93} INFO - Erreur API (app.bsky.feed.searchPosts) : 400 {"error":"ExpiredToken","message":"Token has expired"}
[2025-11-09T20:21:13.493+0000] {subprocess.py:93} INFO - Fin du flux search_tech — 0 insérés, 0 mis à jour, 0 lus.
[2025-11-09T20:21:13.495+0000] {subprocess.py:93} INFO - Erreur API (app.bsky.feed.getAuthorFeed) : 400 {"error":"ExpiredToken","message":"Token has expired"}
[2025-11-09T20:21:13.497+0000] {subprocess.py:93} INFO - Fin du flux author_feed — 0 insérés, 0 mis à jour, 0 lus.
[2025-11-09T20:21:13.499+0000] {subprocess.py:93} INFO - Erreur API (app.bsky.feed.getAuthorFeed) : 400 {"error":"ExpiredToken","message":"Token has expired"}
[2025-11-09T20:21:13.501+0000] {subprocess.py:93} INFO - Fin du flux author_feed — 0 insérés, 0 mis à jour, 0 lus.
[2025-11-09T20:21:13.503+0000] {subprocess.py:93} INFO - Erreur API (app.bsky.feed.getAuthorFeed) : 400 {"error":"ExpiredToken","message":"Token has expired"}
[2025-11-09T20:21:13.505+0000] {subprocess.py:93} INFO - Fin du flux author_feed — 0 insérés, 0 mis à jour, 0 lus.
[2025-11-09T20:21:13.507+0000] {subprocess.py:93} INFO - Erreur API (app.bsky.feed.getAuthorFeed) : 400 {"error":"ExpiredToken","message":"Token has expired"}
[2025-11-09T20:21:13.509+0000] {subprocess.py:93} INFO - Fin du flux author_feed — 0 insérés, 0 mis à jour, 0 lus.
[2025-11-09T20:21:13.512+0000] {subprocess.py:93} INFO - Erreur API (app.bsky.feed.getAuthorFeed) : 400 {"error":"ExpiredToken","message":"Token has expired"}
[2025-11-09T20:21:13.514+0000] {subprocess.py:93} INFO - Fin du flux author_feed — 0 insérés, 0 mis à jour, 0 lus.
[2025-11-09T20:21:13.516+0000] {subprocess.py:93} INFO - Erreur API (app.bsky.feed.getAuthorFeed) : 400 {"error":"ExpiredToken","message":"Token has expired"}
[2025-11-09T20:21:13.518+0000] {subprocess.py:93} INFO - Fin du flux author_feed — 0 insérés, 0 mis à jour, 0 lus.
[2025-11-09T20:21:13.520+0000] {subprocess.py:93} INFO - Erreur API (app.bsky.feed.getAuthorFeed) : 400 {"error":"ExpiredToken","message":"Token has expired"}
[2025-11-09T20:21:13.522+0000] {subprocess.py:93} INFO - Fin du flux author_feed — 0 insérés, 0 mis à jour, 0 lus.
[2025-11-09T20:21:13.524+0000] {subprocess.py:93} INFO - Erreur API (app.bsky.feed.getAuthorFeed) : 400 {"error":"ExpiredToken","message":"Token has expired"}
[2025-11-09T20:21:13.526+0000] {subprocess.py:93} INFO - Fin du flux author_feed — 0 insérés, 0 mis à jour, 0 lus.
[2025-11-09T20:21:13.528+0000] {subprocess.py:93} INFO - Erreur API (app.bsky.feed.getAuthorFeed) : 400 {"error":"ExpiredToken","message":"Token has expired"}
[2025-11-09T20:21:13.531+0000] {subprocess.py:93} INFO - Fin du flux author_feed — 0 insérés, 0 mis à jour, 0 lus.
[2025-11-09T20:21:13.533+0000] {subprocess.py:93} INFO - Erreur API (app.bsky.feed.getAuthorFeed) : 400 {"error":"ExpiredToken","message":"Token has expired"}
[2025-11-09T20:21:13.535+0000] {subprocess.py:93} INFO - Fin du flux author_feed — 0 insérés, 0 mis à jour, 0 lus.
[2025-11-09T20:21:13.538+0000] {subprocess.py:93} INFO - Erreur API (app.bsky.feed.getAuthorFeed) : 400 {"error":"ExpiredToken","message":"Token has expired"}
[2025-11-09T20:21:13.540+0000] {subprocess.py:93} INFO - Fin du flux author_feed — 0 insérés, 0 mis à jour, 0 lus.
[2025-11-09T20:21:13.542+0000] {subprocess.py:93} INFO - Erreur API (app.bsky.feed.getAuthorFeed) : 400 {"error":"ExpiredToken","message":"Token has expired"}
[2025-11-09T20:21:13.544+0000] {subprocess.py:93} INFO - Fin du flux author_feed — 0 insérés, 0 mis à jour, 0 lus.
[2025-11-09T20:21:13.546+0000] {subprocess.py:93} INFO - Erreur API (app.bsky.feed.getAuthorFeed) : 400 {"error":"ExpiredToken","message":"Token has expired"}
[2025-11-09T20:21:13.549+0000] {subprocess.py:93} INFO - Fin du flux author_feed — 0 insérés, 0 mis à jour, 0 lus.
[2025-11-09T20:21:13.551+0000] {subprocess.py:93} INFO - Erreur API (app.bsky.feed.getAuthorFeed) : 400 {"error":"ExpiredToken","message":"Token has expired"}
[2025-11-09T20:21:13.553+0000] {subprocess.py:93} INFO - Fin du flux author_feed — 0 insérés, 0 mis à jour, 0 lus.
[2025-11-09T20:21:13.555+0000] {subprocess.py:93} INFO - Erreur API (app.bsky.feed.getAuthorFeed) : 400 {"error":"ExpiredToken","message":"Token has expired"}
[2025-11-09T20:21:13.557+0000] {subprocess.py:93} INFO - Fin du flux author_feed — 0 insérés, 0 mis à jour, 0 lus.
[2025-11-09T20:21:13.559+0000] {subprocess.py:93} INFO - Erreur API (app.bsky.feed.getAuthorFeed) : 400 {"error":"ExpiredToken","message":"Token has expired"}
[2025-11-09T20:21:13.561+0000] {subprocess.py:93} INFO - Fin du flux author_feed — 0 insérés, 0 mis à jour, 0 lus.
[2025-11-09T20:21:13.563+0000] {subprocess.py:93} INFO - Erreur API (app.bsky.feed.getAuthorFeed) : 400 {"error":"ExpiredToken","message":"Token has expired"}
[2025-11-09T20:21:13.565+0000] {subprocess.py:93} INFO - Fin du flux author_feed — 0 insérés, 0 mis à jour, 0 lus.
[2025-11-09T20:21:13.568+0000] {subprocess.py:93} INFO - Erreur API (app.bsky.feed.getAuthorFeed) : 400 {"error":"ExpiredToken","message":"Token has expired"}
[2025-11-09T20:21:13.570+0000] {subprocess.py:93} INFO - Fin du flux author_feed — 0 insérés, 0 mis à jour, 0 lus.
[2025-11-09T20:21:13.572+0000] {subprocess.py:93} INFO - Erreur API (app.bsky.feed.getAuthorFeed) : 400 {"error":"ExpiredToken","message":"Token has expired"}
[2025-11-09T20:21:13.574+0000] {subprocess.py:93} INFO - Fin du flux author_feed — 0 insérés, 0 mis à jour, 0 lus.
[2025-11-09T20:21:13.576+0000] {subprocess.py:93} INFO - Erreur API (app.bsky.feed.getAuthorFeed) : 400 {"error":"ExpiredToken","message":"Token has expired"}
[2025-11-09T20:21:13.578+0000] {subprocess.py:93} INFO - Fin du flux author_feed — 0 insérés, 0 mis à jour, 0 lus.
[2025-11-09T20:21:13.580+0000] {subprocess.py:93} INFO - Erreur API (app.bsky.feed.getTimeline) : 400 {"error":"ExpiredToken","message":"Token has expired"}
[2025-11-09T20:21:13.582+0000] {subprocess.py:93} INFO - Fin du flux timeline — 0 insérés, 0 mis à jour, 0 lus.
[2025-11-09T20:21:13.584+0000] {subprocess.py:93} INFO - 
[2025-11-09T20:21:13.586+0000] {subprocess.py:93} INFO - === Traitement catégorie : feed_trending ===
[2025-11-09T20:21:13.589+0000] {subprocess.py:93} INFO - Erreur API (app.bsky.feed.searchPosts) : 400 {"error":"ExpiredToken","message":"Token has expired"}
[2025-11-09T20:21:13.591+0000] {subprocess.py:93} INFO - Fin du flux search_breaking — 0 insérés, 0 mis à jour, 0 lus.
[2025-11-09T20:21:13.593+0000] {subprocess.py:93} INFO - Erreur API (app.bsky.feed.searchPosts) : 400 {"error":"ExpiredToken","message":"Token has expired"}
[2025-11-09T20:21:13.595+0000] {subprocess.py:93} INFO - Fin du flux search_urgent — 0 insérés, 0 mis à jour, 0 lus.
[2025-11-09T20:21:13.598+0000] {subprocess.py:93} INFO - Erreur API (app.bsky.feed.searchPosts) : 400 {"error":"ExpiredToken","message":"Token has expired"}
[2025-11-09T20:21:13.600+0000] {subprocess.py:93} INFO - Fin du flux search_live — 0 insérés, 0 mis à jour, 0 lus.
[2025-11-09T20:21:13.602+0000] {subprocess.py:93} INFO - 
[2025-11-09T20:21:13.604+0000] {subprocess.py:93} INFO - === Traitement catégorie : feed_hot_topics ===
[2025-11-09T20:21:13.606+0000] {subprocess.py:93} INFO - Erreur API (app.bsky.feed.searchPosts) : 400 {"error":"ExpiredToken","message":"Token has expired"}
[2025-11-09T20:21:13.608+0000] {subprocess.py:93} INFO - Fin du flux search_politics — 0 insérés, 0 mis à jour, 0 lus.
[2025-11-09T20:21:13.610+0000] {subprocess.py:93} INFO - Erreur API (app.bsky.feed.searchPosts) : 400 {"error":"ExpiredToken","message":"Token has expired"}
[2025-11-09T20:21:13.612+0000] {subprocess.py:93} INFO - Fin du flux search_election — 0 insérés, 0 mis à jour, 0 lus.
[2025-11-09T20:21:13.614+0000] {subprocess.py:93} INFO - Erreur API (app.bsky.feed.searchPosts) : 400 {"error":"ExpiredToken","message":"Token has expired"}
[2025-11-09T20:21:13.616+0000] {subprocess.py:93} INFO - Fin du flux search_covid — 0 insérés, 0 mis à jour, 0 lus.
[2025-11-09T20:21:13.618+0000] {subprocess.py:93} INFO - Erreur API (app.bsky.feed.searchPosts) : 400 {"error":"ExpiredToken","message":"Token has expired"}
[2025-11-09T20:21:13.621+0000] {subprocess.py:93} INFO - Fin du flux search_crisis — 0 insérés, 0 mis à jour, 0 lus.
[2025-11-09T20:21:13.627+0000] {subprocess.py:93} INFO - 
[2025-11-09T20:21:13.629+0000] {subprocess.py:93} INFO - === Traitement catégorie : feed_discover ===
[2025-11-09T20:21:13.631+0000] {subprocess.py:93} INFO - Erreur API (app.bsky.feed.searchPosts) : 400 {"error":"ExpiredToken","message":"Token has expired"}
[2025-11-09T20:21:13.632+0000] {subprocess.py:93} INFO - Fin du flux search_news — 0 insérés, 0 mis à jour, 0 lus.
[2025-11-09T20:21:13.634+0000] {subprocess.py:93} INFO - Erreur API (app.bsky.feed.searchPosts) : 400 {"error":"ExpiredToken","message":"Token has expired"}
[2025-11-09T20:21:13.635+0000] {subprocess.py:93} INFO - Fin du flux search_world — 0 insérés, 0 mis à jour, 0 lus.
[2025-11-09T20:21:13.637+0000] {subprocess.py:93} INFO - Erreur API (app.bsky.feed.searchPosts) : 400 {"error":"ExpiredToken","message":"Token has expired"}
[2025-11-09T20:21:13.639+0000] {subprocess.py:93} INFO - Fin du flux search_science — 0 insérés, 0 mis à jour, 0 lus.
[2025-11-09T20:21:13.640+0000] {subprocess.py:93} INFO - Erreur API (app.bsky.feed.searchPosts) : 400 {"error":"ExpiredToken","message":"Token has expired"}
[2025-11-09T20:21:13.641+0000] {subprocess.py:93} INFO - Fin du flux search_tech — 0 insérés, 0 mis à jour, 0 lus.
[2025-11-09T20:21:14.112+0000] {subprocess.py:97} INFO - Command exited with return code 0
[2025-11-09T20:21:14.162+0000] {taskinstance.py:340} INFO - ::group::Post task execution logs
[2025-11-09T20:21:14.163+0000] {taskinstance.py:352} INFO - Marking task as SUCCESS. dag_id=app_script_dag, task_id=run_app_script, run_id=manual__2025-11-09T20:20:49.743889+00:00, execution_date=20251109T202049, start_date=20251109T202057, end_date=20251109T202114
[2025-11-09T20:21:14.178+0000] {logging_mixin.py:190} INFO - Task instance in success state
[2025-11-09T20:21:14.180+0000] {logging_mixin.py:190} INFO -  Previous state of the Task instance: running
[2025-11-09T20:21:14.181+0000] {logging_mixin.py:190} INFO - Dag name:app_script_dag queued_at:2025-11-09 20:20:50.057185+00:00
[2025-11-09T20:21:14.182+0000] {logging_mixin.py:190} INFO - Task hostname:66886aa8ec0d operator:BashOperator
[2025-11-09T20:21:14.212+0000] {local_task_job_runner.py:261} INFO - Task exited with return code 0
[2025-11-09T20:21:14.229+0000] {taskinstance.py:3891} INFO - 0 downstream tasks scheduled from follow-on schedule check
[2025-11-09T20:21:14.232+0000] {local_task_job_runner.py:240} INFO - ::endgroup::
