[2025-11-09T17:23:34.269+0000] {local_task_job_runner.py:123} INFO - ::group::Pre task execution logs
[2025-11-09T17:23:34.289+0000] {taskinstance.py:2603} INFO - Dependencies all met for dep_context=non-requeueable deps ti=<TaskInstance: app_script_dag.run_app_script manual__2025-11-09T17:17:46.844750+00:00 [queued]>
[2025-11-09T17:23:34.300+0000] {taskinstance.py:2603} INFO - Dependencies all met for dep_context=requeueable deps ti=<TaskInstance: app_script_dag.run_app_script manual__2025-11-09T17:17:46.844750+00:00 [queued]>
[2025-11-09T17:23:34.301+0000] {taskinstance.py:2856} INFO - Starting attempt 2 of 2
[2025-11-09T17:23:34.316+0000] {taskinstance.py:2879} INFO - Executing <Task(BashOperator): run_app_script> on 2025-11-09 17:17:46.844750+00:00
[2025-11-09T17:23:34.324+0000] {warnings.py:112} WARNING - /home/***/.local/lib/python3.12/site-packages/***/task/task_runner/standard_task_runner.py:70: DeprecationWarning: This process (pid=147) is multi-threaded, use of fork() may lead to deadlocks in the child.
  pid = os.fork()

[2025-11-09T17:23:34.326+0000] {standard_task_runner.py:72} INFO - Started process 149 to run task
[2025-11-09T17:23:34.327+0000] {standard_task_runner.py:104} INFO - Running: ['***', 'tasks', 'run', 'app_script_dag', 'run_app_script', 'manual__2025-11-09T17:17:46.844750+00:00', '--job-id', '76', '--raw', '--subdir', 'DAGS_FOLDER/app_dag.py', '--cfg-path', '/tmp/tmpvd3czyre']
[2025-11-09T17:23:34.328+0000] {standard_task_runner.py:105} INFO - Job 76: Subtask run_app_script
[2025-11-09T17:23:34.444+0000] {task_command.py:467} INFO - Running <TaskInstance: app_script_dag.run_app_script manual__2025-11-09T17:17:46.844750+00:00 [running]> on host d637b1c0e818
[2025-11-09T17:23:34.595+0000] {taskinstance.py:3122} INFO - Exporting env vars: AIRFLOW_CTX_DAG_OWNER='***' AIRFLOW_CTX_DAG_ID='app_script_dag' AIRFLOW_CTX_TASK_ID='run_app_script' AIRFLOW_CTX_EXECUTION_DATE='2025-11-09T17:17:46.844750+00:00' AIRFLOW_CTX_TRY_NUMBER='2' AIRFLOW_CTX_DAG_RUN_ID='manual__2025-11-09T17:17:46.844750+00:00'
[2025-11-09T17:23:34.599+0000] {logging_mixin.py:190} INFO - Task instance is in running state
[2025-11-09T17:23:34.600+0000] {logging_mixin.py:190} INFO -  Previous state of the Task instance: queued
[2025-11-09T17:23:34.601+0000] {logging_mixin.py:190} INFO - Current task name:run_app_script state:running start_date:2025-11-09 17:23:34.290404+00:00
[2025-11-09T17:23:34.602+0000] {logging_mixin.py:190} INFO - Dag name:app_script_dag and current dag run status:running
[2025-11-09T17:23:34.603+0000] {taskinstance.py:731} INFO - ::endgroup::
[2025-11-09T17:23:34.605+0000] {subprocess.py:63} INFO - Tmp dir root location: /tmp
[2025-11-09T17:23:34.607+0000] {subprocess.py:75} INFO - Running command: ['/usr/bin/bash', '-c', 'python3 /opt/***/src/app.py']
[2025-11-09T17:23:34.627+0000] {subprocess.py:86} INFO - Output:
[2025-11-09T17:24:06.795+0000] {subprocess.py:93} INFO - 
[2025-11-09T17:24:06.796+0000] {subprocess.py:93} INFO - === Traitement catégorie : feed_trending ===
[2025-11-09T17:24:06.797+0000] {subprocess.py:93} INFO - Traceback (most recent call last):
[2025-11-09T17:24:06.798+0000] {subprocess.py:93} INFO -   File "/opt/***/src/app.py", line 1, in <module>
[2025-11-09T17:24:06.798+0000] {subprocess.py:93} INFO -     import getItems
[2025-11-09T17:24:06.799+0000] {subprocess.py:93} INFO -   File "/opt/***/src/getItems.py", line 105, in <module>
[2025-11-09T17:24:06.801+0000] {subprocess.py:93} INFO -     get_search_post(q, limit=50)
[2025-11-09T17:24:06.801+0000] {subprocess.py:93} INFO -   File "/opt/***/src/getItems.py", line 99, in get_search_post
[2025-11-09T17:24:06.803+0000] {subprocess.py:93} INFO -     fetch_and_store_items('app.bsky.feed.searchPosts', params, f"search_{query.replace(' ', '_')}")
[2025-11-09T17:24:06.804+0000] {subprocess.py:93} INFO -   File "/opt/***/src/getItems.py", line 67, in fetch_and_store_items
[2025-11-09T17:24:06.806+0000] {subprocess.py:93} INFO -     existing = functions.COLLECTION.find_one({"post_id": uri})
[2025-11-09T17:24:06.807+0000] {subprocess.py:93} INFO -                ^^^^^^^^^^^^^^^^^^^^^^^^^^^^^^^^^^^^^^^^^^^^^^^
[2025-11-09T17:24:06.807+0000] {subprocess.py:93} INFO -   File "/home/***/.local/lib/python3.12/site-packages/pymongo/synchronous/collection.py", line 1755, in find_one
[2025-11-09T17:24:06.808+0000] {subprocess.py:93} INFO -     for result in cursor.limit(-1):
[2025-11-09T17:24:06.808+0000] {subprocess.py:93} INFO -                   ^^^^^^^^^^^^^^^^
[2025-11-09T17:24:06.809+0000] {subprocess.py:93} INFO -   File "/home/***/.local/lib/python3.12/site-packages/pymongo/synchronous/cursor.py", line 1289, in __next__
[2025-11-09T17:24:06.809+0000] {subprocess.py:93} INFO -     return self.next()
[2025-11-09T17:24:06.810+0000] {subprocess.py:93} INFO -            ^^^^^^^^^^^
[2025-11-09T17:24:06.811+0000] {subprocess.py:93} INFO -   File "/home/***/.local/lib/python3.12/site-packages/pymongo/synchronous/cursor.py", line 1265, in next
[2025-11-09T17:24:06.811+0000] {subprocess.py:93} INFO -     if len(self._data) or self._refresh():
[2025-11-09T17:24:06.812+0000] {subprocess.py:93} INFO -                           ^^^^^^^^^^^^^^^
[2025-11-09T17:24:06.812+0000] {subprocess.py:93} INFO -   File "/home/***/.local/lib/python3.12/site-packages/pymongo/synchronous/cursor.py", line 1213, in _refresh
[2025-11-09T17:24:06.813+0000] {subprocess.py:93} INFO -     self._send_message(q)
[2025-11-09T17:24:06.814+0000] {subprocess.py:93} INFO -   File "/home/***/.local/lib/python3.12/site-packages/pymongo/synchronous/cursor.py", line 1108, in _send_message
[2025-11-09T17:24:06.815+0000] {subprocess.py:93} INFO -     response = client._run_operation(
[2025-11-09T17:24:06.815+0000] {subprocess.py:93} INFO -                ^^^^^^^^^^^^^^^^^^^^^^
[2025-11-09T17:24:06.816+0000] {subprocess.py:93} INFO -   File "/home/***/.local/lib/python3.12/site-packages/pymongo/_csot.py", line 125, in csot_wrapper
[2025-11-09T17:24:06.817+0000] {subprocess.py:93} INFO -     return func(self, *args, **kwargs)
[2025-11-09T17:24:06.817+0000] {subprocess.py:93} INFO -            ^^^^^^^^^^^^^^^^^^^^^^^^^^^
[2025-11-09T17:24:06.818+0000] {subprocess.py:93} INFO -   File "/home/***/.local/lib/python3.12/site-packages/pymongo/synchronous/mongo_client.py", line 1938, in _run_operation
[2025-11-09T17:24:06.819+0000] {subprocess.py:93} INFO -     return self._retryable_read(
[2025-11-09T17:24:06.820+0000] {subprocess.py:93} INFO -            ^^^^^^^^^^^^^^^^^^^^^
[2025-11-09T17:24:06.820+0000] {subprocess.py:93} INFO -   File "/home/***/.local/lib/python3.12/site-packages/pymongo/synchronous/mongo_client.py", line 2047, in _retryable_read
[2025-11-09T17:24:06.821+0000] {subprocess.py:93} INFO -     return self._retry_internal(
[2025-11-09T17:24:06.821+0000] {subprocess.py:93} INFO -            ^^^^^^^^^^^^^^^^^^^^^
[2025-11-09T17:24:06.822+0000] {subprocess.py:93} INFO -   File "/home/***/.local/lib/python3.12/site-packages/pymongo/_csot.py", line 125, in csot_wrapper
[2025-11-09T17:24:06.823+0000] {subprocess.py:93} INFO -     return func(self, *args, **kwargs)
[2025-11-09T17:24:06.824+0000] {subprocess.py:93} INFO -            ^^^^^^^^^^^^^^^^^^^^^^^^^^^
[2025-11-09T17:24:06.826+0000] {subprocess.py:93} INFO -   File "/home/***/.local/lib/python3.12/site-packages/pymongo/synchronous/mongo_client.py", line 2014, in _retry_internal
[2025-11-09T17:24:06.827+0000] {subprocess.py:93} INFO -     ).run()
[2025-11-09T17:24:06.828+0000] {subprocess.py:93} INFO -       ^^^^^
[2025-11-09T17:24:06.829+0000] {subprocess.py:93} INFO -   File "/home/***/.local/lib/python3.12/site-packages/pymongo/synchronous/mongo_client.py", line 2765, in run
[2025-11-09T17:24:06.830+0000] {subprocess.py:93} INFO -     return self._read() if self._is_read else self._write()
[2025-11-09T17:24:06.830+0000] {subprocess.py:93} INFO -            ^^^^^^^^^^^^
[2025-11-09T17:24:06.831+0000] {subprocess.py:93} INFO -   File "/home/***/.local/lib/python3.12/site-packages/pymongo/synchronous/mongo_client.py", line 2910, in _read
[2025-11-09T17:24:06.832+0000] {subprocess.py:93} INFO -     self._server = self._get_server()
[2025-11-09T17:24:06.833+0000] {subprocess.py:93} INFO -                    ^^^^^^^^^^^^^^^^^^
[2025-11-09T17:24:06.834+0000] {subprocess.py:93} INFO -   File "/home/***/.local/lib/python3.12/site-packages/pymongo/synchronous/mongo_client.py", line 2858, in _get_server
[2025-11-09T17:24:06.834+0000] {subprocess.py:93} INFO -     return self._client._select_server(
[2025-11-09T17:24:06.835+0000] {subprocess.py:93} INFO -            ^^^^^^^^^^^^^^^^^^^^^^^^^^^^
[2025-11-09T17:24:06.836+0000] {subprocess.py:93} INFO -   File "/home/***/.local/lib/python3.12/site-packages/pymongo/synchronous/mongo_client.py", line 1833, in _select_server
[2025-11-09T17:24:06.836+0000] {subprocess.py:93} INFO -     server = topology.select_server(
[2025-11-09T17:24:06.837+0000] {subprocess.py:93} INFO -              ^^^^^^^^^^^^^^^^^^^^^^^
[2025-11-09T17:24:06.838+0000] {subprocess.py:93} INFO -   File "/home/***/.local/lib/python3.12/site-packages/pymongo/synchronous/topology.py", line 409, in select_server
[2025-11-09T17:24:06.839+0000] {subprocess.py:93} INFO -     server = self._select_server(
[2025-11-09T17:24:06.840+0000] {subprocess.py:93} INFO -              ^^^^^^^^^^^^^^^^^^^^
[2025-11-09T17:24:06.841+0000] {subprocess.py:93} INFO -   File "/home/***/.local/lib/python3.12/site-packages/pymongo/synchronous/topology.py", line 387, in _select_server
[2025-11-09T17:24:06.842+0000] {subprocess.py:93} INFO -     servers = self.select_servers(
[2025-11-09T17:24:06.843+0000] {subprocess.py:93} INFO -               ^^^^^^^^^^^^^^^^^^^^
[2025-11-09T17:24:06.845+0000] {subprocess.py:93} INFO -   File "/home/***/.local/lib/python3.12/site-packages/pymongo/synchronous/topology.py", line 294, in select_servers
[2025-11-09T17:24:06.846+0000] {subprocess.py:93} INFO -     server_descriptions = self._select_servers_loop(
[2025-11-09T17:24:06.847+0000] {subprocess.py:93} INFO -                           ^^^^^^^^^^^^^^^^^^^^^^^^^^
[2025-11-09T17:24:06.848+0000] {subprocess.py:93} INFO -   File "/home/***/.local/lib/python3.12/site-packages/pymongo/synchronous/topology.py", line 344, in _select_servers_loop
[2025-11-09T17:24:06.848+0000] {subprocess.py:93} INFO -     raise ServerSelectionTimeoutError(
[2025-11-09T17:24:06.849+0000] {subprocess.py:93} INFO - pymongo.errors.ServerSelectionTimeoutError: localhost:27017: [Errno 111] Connection refused (configured timeouts: socketTimeoutMS: 20000.0ms, connectTimeoutMS: 20000.0ms), Timeout: 30s, Topology Description: <TopologyDescription id: 6910ce1785a0d6ac74f2e9bc, topology_type: Unknown, servers: [<ServerDescription ('localhost', 27017) server_type: Unknown, rtt: None, error=AutoReconnect('localhost:27017: [Errno 111] Connection refused (configured timeouts: socketTimeoutMS: 20000.0ms, connectTimeoutMS: 20000.0ms)')>]>
[2025-11-09T17:24:07.436+0000] {subprocess.py:97} INFO - Command exited with return code 1
[2025-11-09T17:24:07.456+0000] {taskinstance.py:3301} ERROR - Task failed with exception
Traceback (most recent call last):
  File "/home/airflow/.local/lib/python3.12/site-packages/airflow/models/taskinstance.py", line 767, in _execute_task
    result = _execute_callable(context=context, **execute_callable_kwargs)
             ^^^^^^^^^^^^^^^^^^^^^^^^^^^^^^^^^^^^^^^^^^^^^^^^^^^^^^^^^^^^^
  File "/home/airflow/.local/lib/python3.12/site-packages/airflow/models/taskinstance.py", line 733, in _execute_callable
    return ExecutionCallableRunner(
           ^^^^^^^^^^^^^^^^^^^^^^^^
  File "/home/airflow/.local/lib/python3.12/site-packages/airflow/utils/operator_helpers.py", line 252, in run
    return self.func(*args, **kwargs)
           ^^^^^^^^^^^^^^^^^^^^^^^^^^
  File "/home/airflow/.local/lib/python3.12/site-packages/airflow/models/baseoperator.py", line 406, in wrapper
    return func(self, *args, **kwargs)
           ^^^^^^^^^^^^^^^^^^^^^^^^^^^
  File "/home/airflow/.local/lib/python3.12/site-packages/airflow/operators/bash.py", line 249, in execute
    raise AirflowException(
airflow.exceptions.AirflowException: Bash command failed. The command returned a non-zero exit code 1.
[2025-11-09T17:24:07.467+0000] {logging_mixin.py:190} INFO - Task instance in failure state
[2025-11-09T17:24:07.468+0000] {logging_mixin.py:190} INFO - Task start:2025-11-09 17:23:34.290404+00:00 end:2025-11-09 17:24:07.466873+00:00 duration:33.176469
[2025-11-09T17:24:07.469+0000] {logging_mixin.py:190} INFO - Task:<Task(BashOperator): run_app_script> dag:<DAG: app_script_dag> dagrun:<DagRun app_script_dag @ 2025-11-09 17:17:46.844750+00:00: manual__2025-11-09T17:17:46.844750+00:00, state:running, queued_at: 2025-11-09 17:17:46.944725+00:00. externally triggered: True>
[2025-11-09T17:24:07.470+0000] {logging_mixin.py:190} INFO - Failure caused by Bash command failed. The command returned a non-zero exit code 1.
[2025-11-09T17:24:07.471+0000] {taskinstance.py:1225} INFO - Marking task as FAILED. dag_id=app_script_dag, task_id=run_app_script, run_id=manual__2025-11-09T17:17:46.844750+00:00, execution_date=20251109T171746, start_date=20251109T172334, end_date=20251109T172407
[2025-11-09T17:24:07.499+0000] {taskinstance.py:340} INFO - ::group::Post task execution logs
[2025-11-09T17:24:07.500+0000] {standard_task_runner.py:124} ERROR - Failed to execute job 76 for task run_app_script (Bash command failed. The command returned a non-zero exit code 1.; 149)
Traceback (most recent call last):
  File "/home/airflow/.local/lib/python3.12/site-packages/airflow/task/task_runner/standard_task_runner.py", line 117, in _start_by_fork
    ret = args.func(args, dag=self.dag)
          ^^^^^^^^^^^^^^^^^^^^^^^^^^^^^
  File "/home/airflow/.local/lib/python3.12/site-packages/airflow/cli/cli_config.py", line 49, in command
    return func(*args, **kwargs)
           ^^^^^^^^^^^^^^^^^^^^^
  File "/home/airflow/.local/lib/python3.12/site-packages/airflow/utils/cli.py", line 115, in wrapper
    return f(*args, **kwargs)
           ^^^^^^^^^^^^^^^^^^
  File "/home/airflow/.local/lib/python3.12/site-packages/airflow/cli/commands/task_command.py", line 483, in task_run
    task_return_code = _run_task_by_selected_method(args, _dag, ti)
                       ^^^^^^^^^^^^^^^^^^^^^^^^^^^^^^^^^^^^^^^^^^^^
  File "/home/airflow/.local/lib/python3.12/site-packages/airflow/cli/commands/task_command.py", line 256, in _run_task_by_selected_method
    return _run_raw_task(args, ti)
           ^^^^^^^^^^^^^^^^^^^^^^^
  File "/home/airflow/.local/lib/python3.12/site-packages/airflow/cli/commands/task_command.py", line 341, in _run_raw_task
    return ti._run_raw_task(
           ^^^^^^^^^^^^^^^^^
  File "/home/airflow/.local/lib/python3.12/site-packages/airflow/utils/session.py", line 97, in wrapper
    return func(*args, session=session, **kwargs)
           ^^^^^^^^^^^^^^^^^^^^^^^^^^^^^^^^^^^^^^
  File "/home/airflow/.local/lib/python3.12/site-packages/airflow/models/taskinstance.py", line 2995, in _run_raw_task
    return _run_raw_task(
           ^^^^^^^^^^^^^^
  File "/home/airflow/.local/lib/python3.12/site-packages/airflow/models/taskinstance.py", line 273, in _run_raw_task
    TaskInstance._execute_task_with_callbacks(
  File "/home/airflow/.local/lib/python3.12/site-packages/airflow/models/taskinstance.py", line 3149, in _execute_task_with_callbacks
    result = self._execute_task(context, task_orig)
             ^^^^^^^^^^^^^^^^^^^^^^^^^^^^^^^^^^^^^^
  File "/home/airflow/.local/lib/python3.12/site-packages/airflow/models/taskinstance.py", line 3173, in _execute_task
    return _execute_task(self, context, task_orig)
           ^^^^^^^^^^^^^^^^^^^^^^^^^^^^^^^^^^^^^^^
  File "/home/airflow/.local/lib/python3.12/site-packages/airflow/models/taskinstance.py", line 767, in _execute_task
    result = _execute_callable(context=context, **execute_callable_kwargs)
             ^^^^^^^^^^^^^^^^^^^^^^^^^^^^^^^^^^^^^^^^^^^^^^^^^^^^^^^^^^^^^
  File "/home/airflow/.local/lib/python3.12/site-packages/airflow/models/taskinstance.py", line 733, in _execute_callable
    return ExecutionCallableRunner(
           ^^^^^^^^^^^^^^^^^^^^^^^^
  File "/home/airflow/.local/lib/python3.12/site-packages/airflow/utils/operator_helpers.py", line 252, in run
    return self.func(*args, **kwargs)
           ^^^^^^^^^^^^^^^^^^^^^^^^^^
  File "/home/airflow/.local/lib/python3.12/site-packages/airflow/models/baseoperator.py", line 406, in wrapper
    return func(self, *args, **kwargs)
           ^^^^^^^^^^^^^^^^^^^^^^^^^^^
  File "/home/airflow/.local/lib/python3.12/site-packages/airflow/operators/bash.py", line 249, in execute
    raise AirflowException(
airflow.exceptions.AirflowException: Bash command failed. The command returned a non-zero exit code 1.
[2025-11-09T17:24:07.528+0000] {local_task_job_runner.py:261} INFO - Task exited with return code 1
[2025-11-09T17:24:07.575+0000] {taskinstance.py:3891} INFO - 0 downstream tasks scheduled from follow-on schedule check
[2025-11-09T17:24:07.580+0000] {local_task_job_runner.py:240} INFO - ::endgroup::
